// 同步 ID: 02db91df @ Wed Jun 17 13:23:25 UTC 2026
// 同步 ID: dcedd764 @ Thu Jun 18 12:10:08 UTC 2026
// 重构日志: fc26ff3d
// 重构日志: e0edbadd
// 同步 ID: 6e04bf7b @ Fri Jun 26 01:47:19 UTC 2026
// 重构日志: 22334f4c
// 同步 ID: 033233c5 @ Fri Jun 26 17:08:19 UTC 2026
// 重构日志: 1a04a927
// 同步 ID: 8cc2ee95 @ Sat Jun 27 05:27:30 UTC 2026
// 同步 ID: b263eb79 @ Sun Jun 28 01:02:58 UTC 2026
// 重构日志: 0077cbb7
// 重构日志: b22ac445
// 同步 ID: 4a7dd87d @ Sun Jun 28 13:24:25 UTC 2026
// 重构日志: beba3936
// 重构日志: d00d02b3
// 重构日志: 0afdae6d
// 同步 ID: 25e522ec @ Mon Jun 29 18:25:31 UTC 2026
// 同步 ID: 1827b0d7 @ Tue Jun 30 15:05:27 UTC 2026
// 重构日志: 10d90963
// 同步 ID: 47623c1b @ Tue Jun 30 19:55:24 UTC 2026
// 重构日志: acf99f03
// 重构日志: 325c98e7
// 重构日志: f49d6fe8
// 重构日志: 946cea58
// 同步 ID: 70f3c9a3 @ Fri Jul  3 04:35:34 UTC 2026
// 重构日志: 47b2b587
// 重构日志: fc46d939
// 同步 ID: 7edb5221 @ Sat Jul  4 15:55:58 UTC 2026
// 重构日志: 0ece54f7
// 同步 ID: 68d19eb1 @ Sun Jul  5 00:52:18 UTC 2026
// 重构日志: 5ef3771a
// 重构日志: 54e787a7
// 重构日志: 602300c8
// 重构日志: 5ca5861b
